2023-10-04T17:46:24.617Z - Rama de Git actual: main
2023-10-04T17:46:24.746Z - =====================================================================================
2023-10-04T17:46:24.747Z - Rama de Git actual de WM-AVLWebmapsCL: AVL_Release_1.16.15_DATB_Generico
2023-10-04T17:47:02.284Z - Opciones seleccionadas - Carpeta: axa.lojackconnect.com.mx_css, Nombre de copia: copiadavid.com.mx, Hash antiguo: ad061cfdb006513444c3d6b322c9a7079b7bc4d89d644214a6b5b0f4718d5951, Hash nuevo: 654654654654
2023-10-04T17:47:02.518Z - La carpeta C:\xampp5_6\htdocs\WM-AVLWebmapsCL\lib\lookandfeel_local\axa.lojackconnect.com.mx_config ha sido copiada exitosamente a C:\xampp5_6\htdocs\WM-AVLWebmapsCL\lib\lookandfeel_local\copiadavid.com.mx_config
2023-10-04T17:47:02.743Z - La carpeta C:\xampp5_6\htdocs\WM-AVLWebmapsCL\js\WMLPLib-1.0.1\axa.lojackconnect.com.mx_css ha sido copiada exitosamente a C:\xampp5_6\htdocs\WM-AVLWebmapsCL\js\WMLPLib-1.0.1\copiadavid.com.mx_css
2023-10-04T17:47:48.464Z - Error al ejecutar script Python: Error: Command failed: python logos.py
Traceback (most recent call last):
  File "C:\Users\david\Desktop\Automate-LF\logos.py", line 143, in <module>
  File "C:\Python311\Lib\site-packages\selenium\webdriver\support\wait.py", line 95, in until
    raise TimeoutException(message, screen, stacktrace)
selenium.common.exceptions.TimeoutException: Message: 
Stacktrace:
	GetHandleVerifier [0x00007FF627E27892+54818]
	(No symbol) [0x00007FF627D96AC2]
	(No symbol) [0x00007FF627C4DA3B]
	(No symbol) [0x00007FF627C8E4FC]
	(No symbol) [0x00007FF627C8E67C]
	(No symbol) [0x00007FF627CC9627]
	(No symbol) [0x00007FF627CAEAEF]
	(No symbol) [0x00007FF627CC75A2]
	(No symbol) [0x00007FF627CAE883]
	(No symbol) [0x00007FF627C83691]
	(No symbol) [0x00007FF627C848D4]
	GetHandleVerifier [0x00007FF62818B992+3610402]
	GetHandleVerifier [0x00007FF6281E1860+3962352]
	GetHandleVerifier [0x00007FF6281D9D4F+3930847]
	GetHandleVerifier [0x00007FF627EC3646+693206]
	(No symbol) [0x00007FF627DA1628]
	(No symbol) [0x00007FF627D9D934]
	(No symbol) [0x00007FF627D9DA62]
	(No symbol) [0x00007FF627D8E113]
	BaseThreadInitThunk [0x00007FFF73447344+20]
	RtlUserThreadStart [0x00007FFF74D626B1+33]


2023-10-04T17:50:21.252Z - =====================================================================================
2023-10-04T17:50:21.255Z - Rama de Git actual de WM-AVLWebmapsCL: AVL_Release_1.16.15_DATB_Generico
2023-10-04T17:50:21.257Z - Rama de Git actual: main
2023-10-04T17:50:40.742Z - Opciones seleccionadas - Carpeta: claf.copia.com.mx_css, Nombre de copia: clafjajajaja.com.mx, Hash antiguo: ad061cfdb006513444c3d6b322c9a7079b7bc4d89d644214a6b5b0f4718d5951, Hash nuevo: 654654654
2023-10-04T17:50:40.754Z - La carpeta C:\xampp5_6\htdocs\WM-AVLWebmapsCL\lib\lookandfeel_local\claf.copia.com.mx_config ha sido copiada exitosamente a C:\xampp5_6\htdocs\WM-AVLWebmapsCL\lib\lookandfeel_local\clafjajajaja.com.mx_config
2023-10-04T17:50:40.756Z - La carpeta C:\xampp5_6\htdocs\WM-AVLWebmapsCL\js\WMLPLib-1.0.1\claf.copia.com.mx_css ha sido copiada exitosamente a C:\xampp5_6\htdocs\WM-AVLWebmapsCL\js\WMLPLib-1.0.1\clafjajajaja.com.mx_css
